<?xml version="1.0" encoding="UTF-8" ?>
<testsuite tests="2" failures="2" name="dao.UserDAOTest" time="1.404" errors="0" skipped="0">
  <properties>
[...]
</properties>
  <testcase classname="dao.UserDAOTest" name="dao.UserDAOTest.testCheckLogin" time="1.187">
    <failure message="expected: &lt;dao.User@3d99d22e&gt; but was: &lt;dao.User@49fc609f&gt;" type="org.opentest4j.AssertionFailedError">org.opentest4j.AssertionFailedError: expected: &lt;dao.User@3d99d22e&gt; but was: &lt;dao.User@49fc609f&gt;
	at org.junit.jupiter.api.AssertionUtils.fail(AssertionUtils.java:55)
	at org.junit.jupiter.api.AssertionUtils.failNotEqual(AssertionUtils.java:62)
	at org.junit.jupiter.api.AssertEquals.assertEquals(AssertEquals.java:182)
	at org.junit.jupiter.api.AssertEquals.assertEquals(AssertEquals.java:177)
	at org.junit.jupiter.api.Assertions.assertEquals(Assertions.java:1124)
	at dao.UserDAOTest.testCheckLogin(UserDAOTest.java:52)
</failure>
    <system-out>checkLogin
</system-out>
  </testcase>
  <testcase classname="dao.UserDAOTest" name="dao.UserDAOTest.testRegistrarUsuario" time="0.217">
    <failure message="expected: &lt;null&gt; but was: &lt;dao.User@7c29daf3&gt;" type="org.opentest4j.AssertionFailedError">org.opentest4j.AssertionFailedError: expected: &lt;null&gt; but was: &lt;dao.User@7c29daf3&gt;
	at org.junit.jupiter.api.AssertionUtils.fail(AssertionUtils.java:55)
	at org.junit.jupiter.api.AssertionUtils.failNotEqual(AssertionUtils.java:62)
	at org.junit.jupiter.api.AssertEquals.assertEquals(AssertEquals.java:182)
	at org.junit.jupiter.api.AssertEquals.assertEquals(AssertEquals.java:177)
	at org.junit.jupiter.api.Assertions.assertEquals(Assertions.java:1124)
	at dao.UserDAOTest.testRegistrarUsuario(UserDAOTest.java:70)
</failure>
    <system-out>registrarUsuario
</system-out>
  </testcase>
</testsuite>